app/build/outputs/logs/manifest-merger-release-report.txt
-- Merging decision tree log ---
manifest
ADDED from src\main\AndroidManifest.xml:2:1-86:12
INJECTED from src\main\AndroidManifest.xml:2:1-86:12
INJECTED from src\main\AndroidManifest.xml:2:1-86:12
INJECTED from src\main\AndroidManifest.xml:2:1-86:12
MERGED from [:jcplayer] AndroidManifest.xml:2:1-26:12
MERGED from [com.google.android.ads.consent:consent-library:1.0.6] AndroidManifest.xml:2:1-9:12
MERGED from [com.github.cortinico:slidetoact:v0.3.0] AndroidManifest.xml:2:1-12:12
MERGED from [com.github.arimorty:floatingsearchview:2.1.1] AndroidManifest.xml:2:1-14:12
MERGED from [com.android.support:design:28.0.0] AndroidManifest.xml:17:1-24:12
MERGED from [com.android.support:appcompat-v7:28.0.0] AndroidManifest.xml:17:1-22:12
MERGED from [com.android.support:cardview-v7:28.0.0] AndroidManifest.xml:17:1-22:12
MERGED from [com.android.support:recyclerview-v7:28.0.0] AndroidManifest.xml:17:1-22:12
MERGED from [com.google.android.gms:play-services-ads:15.0.1] AndroidManifest.xml:17:1-25:12
MERGED from [com.android.support.constraint:constraint-layout:1.1.3] AndroidManifest.xml:2:1-11:12
MERGED from [com.github.clans:fab:1.6.2] AndroidManifest.xml:2:1-14:12
MERGED from [com.google.android.gms:play-services-ads-identifier:15.0.1] AndroidManifest.xml:17:1-24:12
MERGED from [com.google.android.gms:play-services-ads-lite:15.0.1] AndroidManifest.xml:17:1-36:12
MERGED from [com.google.android.gms:play-services-gass:15.0.1] AndroidManifest.xml:2:1-9:12
MERGED from [com.google.android.gms:play-services-basement:15.0.1] AndroidManifest.xml:17:1-28:12
MERGED from [com.bartoszlipinski:viewpropertyobjectanimator:1.2.0] AndroidManifest.xml:2:1-11:12
MERGED from [com.android.support:support-v4:28.0.0] AndroidManifest.xml:17:1-22:12
MERGED from [com.daimajia.easing:library:2.0] AndroidManifest.xml:2:1-12:12
MERGED from [com.daimajia.androidanimations:library:2.3] AndroidManifest.xml:2:1-12:12
MERGED from [com.android.support:support-fragment:28.0.0] AndroidManifest.xml:17:1-22:12
MERGED from [com.android.support:animated-vector-drawable:28.0.0] AndroidManifest.xml:17:1-22:12
MERGED from [com.android.support:support-core-ui:28.0.0] AndroidManifest.xml:17:1-22:12
MERGED from [com.android.support:support-core-utils:28.0.0] AndroidManifest.xml:17:1-22:12
MERGED from [com.android.support:customtabs:26.1.0] AndroidManifest.xml:17:1-28:12
MERGED from [com.android.support:support-media-compat:28.0.0] AndroidManifest.xml:17:1-22:12
MERGED from [com.android.support:loader:28.0.0] AndroidManifest.xml:17:1-22:12
MERGED from [com.android.support:viewpager:28.0.0] AndroidManifest.xml:17:1-22:12
MERGED from [com.android.support:coordinatorlayout:28.0.0] AndroidManifest.xml:17:1-22:12
MERGED from [com.android.support:drawerlayout:28.0.0] AndroidManifest.xml:17:1-22:12
MERGED from [com.android.support:slidingpanelayout:28.0.0] AndroidManifest.xml:17:1-22:12
MERGED from [com.android.support:customview:28.0.0] AndroidManifest.xml:17:1-22:12
MERGED from [com.android.support:swiperefreshlayout:28.0.0] AndroidManifest.xml:17:1-22:12
MERGED from [com.android.support:asynclayoutinflater:28.0.0] AndroidManifest.xml:17:1-22:12
MERGED from [com.android.support:support-vector-drawable:28.0.0] AndroidManifest.xml:17:1-22:12
MERGED from [com.android.support:transition:28.0.0] AndroidManifest.xml:17:1-22:12
MERGED from [com.android.support:support-compat:28.0.0] AndroidManifest.xml:17:1-24:12
MERGED from [com.android.support:versionedparcelable:28.0.0] AndroidManifest.xml:17:1-25:12
MERGED from [com.android.support:documentfile:28.0.0] AndroidManifest.xml:17:1-22:12
MERGED from [com.android.support:localbroadcastmanager:28.0.0] AndroidManifest.xml:17:1-22:12
MERGED from [com.android.support:print:28.0.0] AndroidManifest.xml:17:1-22:12
MERGED from [android.arch.lifecycle:viewmodel:1.1.1] AndroidManifest.xml:17:1-22:12
MERGED from [com.android.support:interpolator:28.0.0] AndroidManifest.xml:17:1-22:12
MERGED from [com.android.support:cursoradapter:28.0.0] AndroidManifest.xml:17:1-22:12
MERGED from [android.arch.lifecycle:livedata:1.1.1] AndroidManifest.xml:17:1-22:12
MERGED from [android.arch.lifecycle:livedata-core:1.1.1] AndroidManifest.xml:17:1-22:12
MERGED from [android.arch.core:runtime:1.1.1] AndroidManifest.xml:17:1-22:12
MERGED from [android.arch.lifecycle:runtime:1.1.1] AndroidManifest.xml:17:1-22:12
MERGED from [com.google.android.gms:play-services-ads-base:15.0.1] AndroidManifest.xml:17:1-24:12
INJECTED from src\main\AndroidManifest.xml:2:1-86:12
INJECTED from src\main\AndroidManifest.xml:2:1-86:12
INJECTED from src\main\AndroidManifest.xml:2:1-86:12
	package
		ADDED from src\main\AndroidManifest.xml:4:5-35
		INJECTED from src\main\AndroidManifest.xml
		INJECTED from src\main\AndroidManifest.xml
	android:versionName
		INJECTED from src\main\AndroidManifest.xml
		ADDED from src\main\AndroidManifest.xml:2:1-86:12
		INJECTED from src\main\AndroidManifest.xml
	xmlns:tools
		ADDED from src\main\AndroidManifest.xml:3:5-51
	android:versionCode
		INJECTED from src\main\AndroidManifest.xml
		ADDED from src\main\AndroidManifest.xml:2:1-86:12
		INJECTED from src\main\AndroidManifest.xml
	xmlns:android
		ADDED from src\main\AndroidManifest.xml:2:11-69
uses-permission#android.permission.ACCESS_WIFI_STATE
ADDED from src\main\AndroidManifest.xml:6:5-76
	android:name
		ADDED from src\main\AndroidManifest.xml:6:22-73
uses-permission#android.permission.INTERNET
ADDED from src\main\AndroidManifest.xml:7:5-67
MERGED from [:jcplayer] AndroidManifest.xml:11:5-67
MERGED from [:jcplayer] AndroidManifest.xml:11:5-67
MERGED from [com.google.android.gms:play-services-ads-lite:15.0.1] AndroidManifest.xml:23:5-67
MERGED from [com.google.android.gms:play-services-ads-lite:15.0.1] AndroidManifest.xml:23:5-67
	android:name
		ADDED from src\main\AndroidManifest.xml:7:22-64
uses-permission#android.permission.WRITE_EXTERNAL_STORAGE
ADDED from src\main\AndroidManifest.xml:8:5-81
	android:name
		ADDED from src\main\AndroidManifest.xml:8:22-78
uses-permission#android.permission.ACCESS_NETWORK_STATE
ADDED from src\main\AndroidManifest.xml:9:5-79
MERGED from [com.google.android.gms:play-services-ads-lite:15.0.1] AndroidManifest.xml:24:5-79
MERGED from [com.google.android.gms:play-services-ads-lite:15.0.1] AndroidManifest.xml:24:5-79
	android:name
		ADDED from src\main\AndroidManifest.xml:9:22-76
application
ADDED from src\main\AndroidManifest.xml:11:5-84:19
MERGED from [:jcplayer] AndroidManifest.xml:13:5-24:19
MERGED from [:jcplayer] AndroidManifest.xml:13:5-24:19
MERGED from [com.github.arimorty:floatingsearchview:2.1.1] AndroidManifest.xml:12:5-20
MERGED from [com.github.arimorty:floatingsearchview:2.1.1] AndroidManifest.xml:12:5-20
MERGED from [com.android.support:design:28.0.0] AndroidManifest.xml:22:5-20
MERGED from [com.android.support:design:28.0.0] AndroidManifest.xml:22:5-20
MERGED from [com.android.support.constraint:constraint-layout:1.1.3] AndroidManifest.xml:9:5-20
MERGED from [com.android.support.constraint:constraint-layout:1.1.3] AndroidManifest.xml:9:5-20
MERGED from [com.github.clans:fab:1.6.2] AndroidManifest.xml:12:5-20
MERGED from [com.github.clans:fab:1.6.2] AndroidManifest.xml:12:5-20
MERGED from [com.google.android.gms:play-services-ads-identifier:15.0.1] AndroidManifest.xml:22:5-20
MERGED from [com.google.android.gms:play-services-ads-identifier:15.0.1] AndroidManifest.xml:22:5-20
MERGED from [com.google.android.gms:play-services-ads-lite:15.0.1] AndroidManifest.xml:26:5-34:19
MERGED from [com.google.android.gms:play-services-ads-lite:15.0.1] AndroidManifest.xml:26:5-34:19
MERGED from [com.google.android.gms:play-services-gass:15.0.1] AndroidManifest.xml:7:5-20
MERGED from [com.google.android.gms:play-services-gass:15.0.1] AndroidManifest.xml:7:5-20
MERGED from [com.google.android.gms:play-services-basement:15.0.1] AndroidManifest.xml:22:5-26:19
MERGED from [com.google.android.gms:play-services-basement:15.0.1] AndroidManifest.xml:22:5-26:19
MERGED from [com.android.support:customtabs:26.1.0] AndroidManifest.xml:22:5-26:19
MERGED from [com.android.support:customtabs:26.1.0] AndroidManifest.xml:22:5-26:19
MERGED from [com.android.support:support-compat:28.0.0] AndroidManifest.xml:22:5-94
MERGED from [com.android.support:support-compat:28.0.0] AndroidManifest.xml:22:5-94
MERGED from [com.android.support:versionedparcelable:28.0.0] AndroidManifest.xml:22:5-23:19
MERGED from [com.android.support:versionedparcelable:28.0.0] AndroidManifest.xml:22:5-23:19
MERGED from [com.google.android.gms:play-services-ads-base:15.0.1] AndroidManifest.xml:22:5-20
MERGED from [com.google.android.gms:play-services-ads-base:15.0.1] AndroidManifest.xml:22:5-20
	android:appComponentFactory
		ADDED from [com.android.support:support-compat:28.0.0] AndroidManifest.xml:22:18-91
	android:supportsRtl
		ADDED from src\main\AndroidManifest.xml:16:9-35
	android:label
		ADDED from src\main\AndroidManifest.xml:14:9-41
	android:roundIcon
		ADDED from src\main\AndroidManifest.xml:15:9-48
	android:icon
		ADDED from src\main\AndroidManifest.xml:13:9-43
	android:allowBackup
		ADDED from src\main\AndroidManifest.xml:12:9-35
	android:theme
		ADDED from src\main\AndroidManifest.xml:17:9-40
	tools:replace
		ADDED from [:jcplayer] AndroidManifest.xml:17:9-38
meta-data#com.google.android.gms.ads.APPLICATION_ID
ADDED from src\main\AndroidManifest.xml:20:9-22:69
	android:value
		ADDED from src\main\AndroidManifest.xml:22:13-67
	android:name
		ADDED from src\main\AndroidManifest.xml:21:13-69
activity#com.baru.shawnmendes.WelcomeActivity
ADDED from src\main\AndroidManifest.xml:24:9-31:20
	android:name
		ADDED from src\main\AndroidManifest.xml:24:19-70
intent-filter#action:name:android.intent.action.MAIN+action:name:android.intent.action.VIEW+category:name:android.intent.category.LAUNCHER
ADDED from src\main\AndroidManifest.xml:25:13-30:29
action#android.intent.action.MAIN
ADDED from src\main\AndroidManifest.xml:26:17-69
	android:name
		ADDED from src\main\AndroidManifest.xml:26:25-66
action#android.intent.action.VIEW
ADDED from src\main\AndroidManifest.xml:27:17-69
	android:name
		ADDED from src\main\AndroidManifest.xml:27:25-66
category#android.intent.category.LAUNCHER
ADDED from src\main\AndroidManifest.xml:29:17-77
	android:name
		ADDED from src\main\AndroidManifest.xml:29:27-74
activity#com.baru.shawnmendes.HalamanLayarPembuka
ADDED from src\main\AndroidManifest.xml:32:9-77
	android:name
		ADDED from src\main\AndroidManifest.xml:32:19-74
activity#com.baru.shawnmendes.WelcomeApp
ADDED from src\main\AndroidManifest.xml:33:9-68
	android:name
		ADDED from src\main\AndroidManifest.xml:33:19-65
activity#com.baru.shawnmendes.DashboardPage
ADDED from src\main\AndroidManifest.xml:34:9-36:20
	android:parentActivityName
		ADDED from src\main\AndroidManifest.xml:35:19-79
	android:name
		ADDED from src\main\AndroidManifest.xml:34:19-68
activity#com.baru.shawnmendes.webview.fashion
ADDED from src\main\AndroidManifest.xml:37:9-40:20
	android:parentActivityName
		ADDED from src\main\AndroidManifest.xml:39:19-82
	android:label
		ADDED from src\main\AndroidManifest.xml:38:19-42
	android:name
		ADDED from src\main\AndroidManifest.xml:37:19-70
activity#com.baru.shawnmendes.webview.reviews
ADDED from src\main\AndroidManifest.xml:41:9-43:20
	android:parentActivityName
		ADDED from src\main\AndroidManifest.xml:42:19-82
	android:name
		ADDED from src\main\AndroidManifest.xml:41:19-70
activity#com.baru.shawnmendes.webview.lifestyle
ADDED from src\main\AndroidManifest.xml:44:9-46:20
	android:parentActivityName
		ADDED from src\main\AndroidManifest.xml:45:19-82
	android:name
		ADDED from src\main\AndroidManifest.xml:44:19-72
activity#com.baru.shawnmendes.lirikmp3.HomeActivity
ADDED from src\main\AndroidManifest.xml:47:9-49:20
	android:parentActivityName
		ADDED from src\main\AndroidManifest.xml:48:19-82
	android:name
		ADDED from src\main\AndroidManifest.xml:47:19-76
activity#com.baru.shawnmendes.lirikmp3.PlayerActivity
ADDED from src\main\AndroidManifest.xml:50:9-52:20
	android:parentActivityName
		ADDED from src\main\AndroidManifest.xml:51:19-90
	android:name
		ADDED from src\main\AndroidManifest.xml:50:19-78
activity#com.baru.shawnmendes.lirikmp3.MainActivity
ADDED from src\main\AndroidManifest.xml:53:9-57:20
	android:parentActivityName
		ADDED from src\main\AndroidManifest.xml:56:19-90
	android:label
		ADDED from src\main\AndroidManifest.xml:54:19-48
	android:theme
		ADDED from src\main\AndroidManifest.xml:55:21-64
	android:name
		ADDED from src\main\AndroidManifest.xml:53:19-76
activity#com.baru.shawnmendes.VideoLyricPage
ADDED from src\main\AndroidManifest.xml:59:9-72
	android:name
		ADDED from src\main\AndroidManifest.xml:59:19-69
activity#com.baru.shawnmendes.HalamanPemutarYoutubeLirik
ADDED from src\main\AndroidManifest.xml:60:9-84
	android:name
		ADDED from src\main\AndroidManifest.xml:60:19-81
activity#com.baru.shawnmendes.daftaralbum.AlbumSatu
ADDED from src\main\AndroidManifest.xml:61:9-79
	android:name
		ADDED from src\main\AndroidManifest.xml:61:19-76
activity#com.baru.shawnmendes.daftaralbum.AlbumDua
ADDED from src\main\AndroidManifest.xml:62:9-78
	android:name
		ADDED from src\main\AndroidManifest.xml:62:19-75
activity#com.baru.shawnmendes.daftaralbum.AlbumTiga
ADDED from src\main\AndroidManifest.xml:63:9-79
	android:name
		ADDED from src\main\AndroidManifest.xml:63:19-76
activity#com.baru.shawnmendes.daftaralbum.AlbumEmpat
ADDED from src\main\AndroidManifest.xml:64:9-80
	android:name
		ADDED from src\main\AndroidManifest.xml:64:19-77
activity#com.baru.shawnmendes.daftaralbum.AlbumLima
ADDED from src\main\AndroidManifest.xml:65:9-79
	android:name
		ADDED from src\main\AndroidManifest.xml:65:19-76
activity#com.baru.shawnmendes.daftaralbum.AlbumLimaBelas
ADDED from src\main\AndroidManifest.xml:66:9-84
	android:name
		ADDED from src\main\AndroidManifest.xml:66:19-81
activity#com.baru.shawnmendes.daftaralbum.AlbumEnam
ADDED from src\main\AndroidManifest.xml:67:9-79
	android:name
		ADDED from src\main\AndroidManifest.xml:67:19-76
activity#com.baru.shawnmendes.daftaralbum.Albumtujuh
ADDED from src\main\AndroidManifest.xml:68:9-80
	android:name
		ADDED from src\main\AndroidManifest.xml:68:19-77
activity#com.baru.shawnmendes.daftaralbum.AlbumDelapan
ADDED from src\main\AndroidManifest.xml:69:9-82
	android:name
		ADDED from src\main\AndroidManifest.xml:69:19-79
activity#com.baru.shawnmendes.daftaralbum.AlbumSembilan
ADDED from src\main\AndroidManifest.xml:70:9-83
	android:name
		ADDED from src\main\AndroidManifest.xml:70:19-80
activity#com.baru.shawnmendes.daftaralbum.AlbumSepuluh
ADDED from src\main\AndroidManifest.xml:71:9-82
	android:name
		ADDED from src\main\AndroidManifest.xml:71:19-79
activity#com.baru.shawnmendes.daftaralbum.AlbumSebelas
ADDED from src\main\AndroidManifest.xml:72:9-82
	android:name
		ADDED from src\main\AndroidManifest.xml:72:19-79
activity#com.baru.shawnmendes.daftaralbum.AlbumDuaBelas
ADDED from src\main\AndroidManifest.xml:73:9-83
	android:name
		ADDED from src\main\AndroidManifest.xml:73:19-80
activity#com.baru.shawnmendes.daftaralbum.AlbumTigaBelas
ADDED from src\main\AndroidManifest.xml:74:9-84
	android:name
		ADDED from src\main\AndroidManifest.xml:74:19-81
activity#com.baru.shawnmendes.daftaralbum.AlbumEmpatBelas
ADDED from src\main\AndroidManifest.xml:75:9-85
	android:name
		ADDED from src\main\AndroidManifest.xml:75:19-82
activity#com.baru.shawnmendes.daftaralbum.AlbumHome
ADDED from src\main\AndroidManifest.xml:76:9-79
	android:name
		ADDED from src\main\AndroidManifest.xml:76:19-76
activity#com.baru.shawnmendes.optionmenu.MenuPrivacyPolicy
ADDED from src\main\AndroidManifest.xml:77:9-86
	android:name
		ADDED from src\main\AndroidManifest.xml:77:19-83
activity#com.baru.shawnmendes.optionmenu.MenuSetting
ADDED from src\main\AndroidManifest.xml:78:9-80
	android:name
		ADDED from src\main\AndroidManifest.xml:78:19-77
activity#com.baru.shawnmendes.optionmenu.MenuAbout
ADDED from src\main\AndroidManifest.xml:79:9-78
	android:name
		ADDED from src\main\AndroidManifest.xml:79:19-75
activity#com.baru.shawnmendes.daftaralbum.AlbumPemutarYoutube
ADDED from src\main\AndroidManifest.xml:80:9-89
	android:name
		ADDED from src\main\AndroidManifest.xml:80:19-86
activity#com.baru.shawnmendes.mp3player.MainActivityJcPlayer
ADDED from src\main\AndroidManifest.xml:81:9-83:20
	android:parentActivityName
		ADDED from src\main\AndroidManifest.xml:82:13-73
	android:label
		ADDED from src\main\AndroidManifest.xml:81:86-112
	android:name
		ADDED from src\main\AndroidManifest.xml:81:19-85
uses-sdk
INJECTED from src\main\AndroidManifest.xml reason: use-sdk injection requested
INJECTED from src\main\AndroidManifest.xml
INJECTED from src\main\AndroidManifest.xml
MERGED from [:jcplayer] AndroidManifest.xml:7:5-9:41
MERGED from [:jcplayer] AndroidManifest.xml:7:5-9:41
MERGED from [com.google.android.ads.consent:consent-library:1.0.6] AndroidManifest.xml:5:5-7:41
MERGED from [com.google.android.ads.consent:consent-library:1.0.6] AndroidManifest.xml:5:5-7:41
MERGED from [com.github.cortinico:slidetoact:v0.3.0] AndroidManifest.xml:8:5-10:41
MERGED from [com.github.cortinico:slidetoact:v0.3.0] AndroidManifest.xml:8:5-10:41
MERGED from [com.github.arimorty:floatingsearchview:2.1.1] AndroidManifest.xml:8:5-10:41
MERGED from [com.github.arimorty:floatingsearchview:2.1.1] AndroidManifest.xml:8:5-10:41
MERGED from [com.android.support:design:28.0.0] AndroidManifest.xml:20:5-44
MERGED from [com.android.support:design:28.0.0] AndroidManifest.xml:20:5-44
MERGED from [com.android.support:appcompat-v7:28.0.0] AndroidManifest.xml:20:5-44
MERGED from [com.android.support:appcompat-v7:28.0.0] AndroidManifest.xml:20:5-44
MERGED from [com.android.support:cardview-v7:28.0.0] AndroidManifest.xml:20:5-44
MERGED from [com.android.support:cardview-v7:28.0.0] AndroidManifest.xml:20:5-44
MERGED from [com.android.support:recyclerview-v7:28.0.0] AndroidManifest.xml:20:5-44
MERGED from [com.android.support:recyclerview-v7:28.0.0] AndroidManifest.xml:20:5-44
MERGED from [com.google.android.gms:play-services-ads:15.0.1] AndroidManifest.xml:21:5-23:62
MERGED from [com.google.android.gms:play-services-ads:15.0.1] AndroidManifest.xml:21:5-23:62
MERGED from [com.android.support.constraint:constraint-layout:1.1.3] AndroidManifest.xml:5:5-7:41
MERGED from [com.android.support.constraint:constraint-layout:1.1.3] AndroidManifest.xml:5:5-7:41
MERGED from [com.github.clans:fab:1.6.2] AndroidManifest.xml:8:5-10:41
MERGED from [com.github.clans:fab:1.6.2] AndroidManifest.xml:8:5-10:41
MERGED from [com.google.android.gms:play-services-ads-identifier:15.0.1] AndroidManifest.xml:20:5-44
MERGED from [com.google.android.gms:play-services-ads-identifier:15.0.1] AndroidManifest.xml:20:5-44
MERGED from [com.google.android.gms:play-services-ads-lite:15.0.1] AndroidManifest.xml:20:5-44
MERGED from [com.google.android.gms:play-services-ads-lite:15.0.1] AndroidManifest.xml:20:5-44
MERGED from [com.google.android.gms:play-services-gass:15.0.1] AndroidManifest.xml:5:5-44
MERGED from [com.google.android.gms:play-services-gass:15.0.1] AndroidManifest.xml:5:5-44
MERGED from [com.google.android.gms:play-services-basement:15.0.1] AndroidManifest.xml:20:5-44
MERGED from [com.google.android.gms:play-services-basement:15.0.1] AndroidManifest.xml:20:5-44
MERGED from [com.bartoszlipinski:viewpropertyobjectanimator:1.2.0] AndroidManifest.xml:7:5-9:41
MERGED from [com.bartoszlipinski:viewpropertyobjectanimator:1.2.0] AndroidManifest.xml:7:5-9:41
MERGED from [com.android.support:support-v4:28.0.0] AndroidManifest.xml:20:5-44
MERGED from [com.android.support:support-v4:28.0.0] AndroidManifest.xml:20:5-44
MERGED from [com.daimajia.easing:library:2.0] AndroidManifest.xml:8:5-10:41
MERGED from [com.daimajia.easing:library:2.0] AndroidManifest.xml:8:5-10:41
MERGED from [com.daimajia.androidanimations:library:2.3] AndroidManifest.xml:8:5-10:41
MERGED from [com.daimajia.androidanimations:library:2.3] AndroidManifest.xml:8:5-10:41
MERGED from [com.android.support:support-fragment:28.0.0] AndroidManifest.xml:20:5-44
MERGED from [com.android.support:support-fragment:28.0.0] AndroidManifest.xml:20:5-44
MERGED from [com.android.support:animated-vector-drawable:28.0.0] AndroidManifest.xml:20:5-44
MERGED from [com.android.support:animated-vector-drawable:28.0.0] AndroidManifest.xml:20:5-44
MERGED from [com.android.support:support-core-ui:28.0.0] AndroidManifest.xml:20:5-44
MERGED from [com.android.support:support-core-ui:28.0.0] AndroidManifest.xml:20:5-44
MERGED from [com.android.support:support-core-utils:28.0.0] AndroidManifest.xml:20:5-44
MERGED from [com.android.support:support-core-utils:28.0.0] AndroidManifest.xml:20:5-44
MERGED from [com.android.support:customtabs:26.1.0] AndroidManifest.xml:20:5-44
MERGED from [com.android.support:customtabs:26.1.0] AndroidManifest.xml:20:5-44
MERGED from [com.android.support:support-media-compat:28.0.0] AndroidManifest.xml:20:5-44
MERGED from [com.android.support:support-media-compat:28.0.0] AndroidManifest.xml:20:5-44
MERGED from [com.android.support:loader:28.0.0] AndroidManifest.xml:20:5-44
MERGED from [com.android.support:loader:28.0.0] AndroidManifest.xml:20:5-44
MERGED from [com.android.support:viewpager:28.0.0] AndroidManifest.xml:20:5-44
MERGED from [com.android.support:viewpager:28.0.0] AndroidManifest.xml:20:5-44
MERGED from [com.android.support:coordinatorlayout:28.0.0] AndroidManifest.xml:20:5-44
MERGED from [com.android.support:coordinatorlayout:28.0.0] AndroidManifest.xml:20:5-44
MERGED from [com.android.support:drawerlayout:28.0.0] AndroidManifest.xml:20:5-44
MERGED from [com.android.support:drawerlayout:28.0.0] AndroidManifest.xml:20:5-44
MERGED from [com.android.support:slidingpanelayout:28.0.0] AndroidManifest.xml:20:5-44
MERGED from [com.android.support:slidingpanelayout:28.0.0] AndroidManifest.xml:20:5-44
MERGED from [com.android.support:customview:28.0.0] AndroidManifest.xml:20:5-44
MERGED from [com.android.support:customview:28.0.0] AndroidManifest.xml:20:5-44
MERGED from [com.android.support:swiperefreshlayout:28.0.0] AndroidManifest.xml:20:5-44
MERGED from [com.android.support:swiperefreshlayout:28.0.0] AndroidManifest.xml:20:5-44
MERGED from [com.android.support:asynclayoutinflater:28.0.0] AndroidManifest.xml:20:5-44
MERGED from [com.android.support:asynclayoutinflater:28.0.0] AndroidManifest.xml:20:5-44
MERGED from [com.android.support:support-vector-drawable:28.0.0] AndroidManifest.xml:20:5-44
MERGED from [com.android.support:support-vector-drawable:28.0.0] AndroidManifest.xml:20:5-44
MERGED from [com.android.support:transition:28.0.0] AndroidManifest.xml:20:5-44
MERGED from [com.android.support:transition:28.0.0] AndroidManifest.xml:20:5-44
MERGED from [com.android.support:support-compat:28.0.0] AndroidManifest.xml:20:5-44
MERGED from [com.android.support:support-compat:28.0.0] AndroidManifest.xml:20:5-44
MERGED from [com.android.support:versionedparcelable:28.0.0] AndroidManifest.xml:20:5-44
MERGED from [com.android.support:versionedparcelable:28.0.0] AndroidManifest.xml:20:5-44
MERGED from [com.android.support:documentfile:28.0.0] AndroidManifest.xml:20:5-44
MERGED from [com.android.support:documentfile:28.0.0] AndroidManifest.xml:20:5-44
MERGED from [com.android.support:localbroadcastmanager:28.0.0] AndroidManifest.xml:20:5-44
MERGED from [com.android.support:localbroadcastmanager:28.0.0] AndroidManifest.xml:20:5-44
MERGED from [com.android.support:print:28.0.0] AndroidManifest.xml:20:5-44
MERGED from [com.android.support:print:28.0.0] AndroidManifest.xml:20:5-44
MERGED from [android.arch.lifecycle:viewmodel:1.1.1] AndroidManifest.xml:20:5-44
MERGED from [android.arch.lifecycle:viewmodel:1.1.1] AndroidManifest.xml:20:5-44
MERGED from [com.android.support:interpolator:28.0.0] AndroidManifest.xml:20:5-44
MERGED from [com.android.support:interpolator:28.0.0] AndroidManifest.xml:20:5-44
MERGED from [com.android.support:cursoradapter:28.0.0] AndroidManifest.xml:20:5-44
MERGED from [com.android.support:cursoradapter:28.0.0] AndroidManifest.xml:20:5-44
MERGED from [android.arch.lifecycle:livedata:1.1.1] AndroidManifest.xml:20:5-44
MERGED from [android.arch.lifecycle:livedata:1.1.1] AndroidManifest.xml:20:5-44
MERGED from [android.arch.lifecycle:livedata-core:1.1.1] AndroidManifest.xml:20:5-44
MERGED from [android.arch.lifecycle:livedata-core:1.1.1] AndroidManifest.xml:20:5-44
MERGED from [android.arch.core:runtime:1.1.1] AndroidManifest.xml:20:5-44
MERGED from [android.arch.core:runtime:1.1.1] AndroidManifest.xml:20:5-44
MERGED from [android.arch.lifecycle:runtime:1.1.1] AndroidManifest.xml:20:5-44
MERGED from [android.arch.lifecycle:runtime:1.1.1] AndroidManifest.xml:20:5-44
MERGED from [com.google.android.gms:play-services-ads-base:15.0.1] AndroidManifest.xml:20:5-44
MERGED from [com.google.android.gms:play-services-ads-base:15.0.1] AndroidManifest.xml:20:5-44
INJECTED from src\main\AndroidManifest.xml
INJECTED from src\main\AndroidManifest.xml
	tools:overrideLibrary
		ADDED from [com.google.android.gms:play-services-ads:15.0.1] AndroidManifest.xml:23:9-59
	android:targetSdkVersion
		INJECTED from src\main\AndroidManifest.xml
		ADDED from src\main\AndroidManifest.xml
		INJECTED from src\main\AndroidManifest.xml
	android:minSdkVersion
		INJECTED from src\main\AndroidManifest.xml
		ADDED from src\main\AndroidManifest.xml
		INJECTED from src\main\AndroidManifest.xml
service#com.example.jean.jcplayer.service.JcPlayerService
ADDED from [:jcplayer] AndroidManifest.xml:18:9-85
	android:name
		ADDED from [:jcplayer] AndroidManifest.xml:18:18-82
receiver#com.example.jean.jcplayer.service.notification.JcPlayerNotificationReceiver
ADDED from [:jcplayer] AndroidManifest.xml:20:9-23:40
	android:enabled
		ADDED from [:jcplayer] AndroidManifest.xml:22:13-35
	android:exported
		ADDED from [:jcplayer] AndroidManifest.xml:23:13-37
	android:name
		ADDED from [:jcplayer] AndroidManifest.xml:21:13-103
activity#com.google.android.gms.ads.AdActivity
ADDED from [com.google.android.gms:play-services-ads-lite:15.0.1] AndroidManifest.xml:29:9-33:64
	android:exported
		ADDED from [com.google.android.gms:play-services-ads-lite:15.0.1] AndroidManifest.xml:32:13-37
	android:configChanges
		ADDED from [com.google.android.gms:play-services-ads-lite:15.0.1] AndroidManifest.xml:31:13-122
	android:theme
		ADDED from [com.google.android.gms:play-services-ads-lite:15.0.1] AndroidManifest.xml:33:13-61
	android:name
		ADDED from [com.google.android.gms:play-services-ads-lite:15.0.1] AndroidManifest.xml:30:13-65
meta-data#com.google.android.gms.version
ADDED from [com.google.android.gms:play-services-basement:15.0.1] AndroidManifest.xml:23:9-25:69
	android:value
		ADDED from [com.google.android.gms:play-services-basement:15.0.1] AndroidManifest.xml:25:13-66
	android:name
		ADDED from [com.google.android.gms:play-services-basement:15.0.1] AndroidManifest.xml:24:13-58
meta-data#android.support.VERSION
ADDED from [com.android.support:customtabs:26.1.0] AndroidManifest.xml:23:9-25:38
	android:value
		ADDED from [com.android.support:customtabs:26.1.0] AndroidManifest.xml:25:13-35
	android:name
		ADDED from [com.android.support:customtabs:26.1.0] AndroidManifest.xml:24:13-51